<?xml version="1.0" encoding="UTF-8"?>
<testsuite name="com.slocumboy.json.helper.JsonHelperTest" tests="3" skipped="0" failures="0" errors="0" timestamp="2017-05-20T00:54:03" hostname="Davids-MBP.local.tld" time="0.024">
  <properties/>
  <testcase name="testReplaceNotNested" classname="com.slocumboy.json.helper.JsonHelperTest" time="0.019"/>
  <testcase name="testPrettyPrint" classname="com.slocumboy.json.helper.JsonHelperTest" time="0.004"/>
  <testcase name="testCreateJsonFromString" classname="com.slocumboy.json.helper.JsonHelperTest" time="0.0"/>
  <system-out><![CDATA[]]></system-out>
  <system-err><![CDATA[]]></system-err>
</testsuite>
