<?xml version="1.0" encoding="UTF-8"?>
<testsuite name="com.slocumboy.json.helper.JsonObjectCollectorTest" tests="1" skipped="0" failures="0" errors="0" timestamp="2017-05-20T00:54:03" hostname="Davids-MBP.local.tld" time="0.001">
  <properties/>
  <testcase name="testCreatesNewObjectWithSameKeyValues" classname="com.slocumboy.json.helper.JsonObjectCollectorTest" time="0.001"/>
  <system-out><![CDATA[]]></system-out>
  <system-err><![CDATA[]]></system-err>
</testsuite>
